<?xml version="1.0" encoding="UTF-8"?>
<testng-results ignored="0" total="1" passed="1" failed="0" skipped="0">
  <reporter-output>
    <line>
      <![CDATA[hi]]>
    </line>
    <line>
      <![CDATA[bye]]>
    </line>
    <line>
      <![CDATA[cricket]]>
    </line>
    <line>
      <![CDATA[shashank]]>
    </line>
  </reporter-output>
  <suite started-at="2023-05-01T14:46:51 IST" name="Default suite" finished-at="2023-05-01T14:46:51 IST" duration-ms="111">
    <groups>
    </groups>
    <test started-at="2023-05-01T14:46:51 IST" name="Default test" finished-at="2023-05-01T14:46:51 IST" duration-ms="111">
      <class name="Qsp.demotesting">
        <test-method signature="test()[pri:0, instance:Qsp.demotesting@419c5f1a]" started-at="2023-05-01T14:46:51 IST" name="test" finished-at="2023-05-01T14:46:51 IST" duration-ms="26" status="PASS">
          <reporter-output>
            <line>
              <![CDATA[hi]]>
            </line>
            <line>
              <![CDATA[bye]]>
            </line>
            <line>
              <![CDATA[cricket]]>
            </line>
            <line>
              <![CDATA[shashank]]>
            </line>
          </reporter-output>
        </test-method> <!-- test -->
      </class> <!-- Qsp.demotesting -->
    </test> <!-- Default test -->
  </suite> <!-- Default suite -->
</testng-results>
